
> complainthub-admin@1.0.0 dev
> vite


  [32m[1mVITE[22m v6.4.2[39m  [2mready in [0m[1m1485[22m[2m[0m ms[22m

  [32m➜[39m  [1mLocal[22m:   [36mhttp://localhost:[1m5173[22m/[39m
[2m6:48:28 PM[22m [36m[1m[vite][22m[39m [90m[2m(client)[22m[39m [32mhmr update [39m[2m/src/contexts/AuthContext.jsx, /src/index.css[22m
[2m6:48:28 PM[22m [36m[1m[vite][22m[39m [90m[2m(client)[22m[39m [33mhmr invalidate [39m[2m/src/contexts/AuthContext.jsx[22m Could not Fast Refresh ("useAuth" export is incompatible). Learn more at https://github.com/vitejs/vite-plugin-react/tree/main/packages/plugin-react#consistent-components-exports
[2m6:48:28 PM[22m [36m[1m[vite][22m[39m [90m[2m(client)[22m[39m [32mpage reload [39m[2msrc/contexts/AuthContext.jsx[22m
[2m6:48:43 PM[22m [36m[1m[vite][22m[39m [90m[2m(client)[22m[39m [32mhmr update [39m[2m/src/components/ProtectedRoute/ProtectedRoute.jsx, /src/index.css[22m
[2m6:48:43 PM[22m [36m[1m[vite][22m[39m [90m[2m(client)[22m[39m [32mhmr update [39m[2m/src/components/ProtectedRoute/ProtectedRoute.jsx, /src/index.css[22m
[2m6:49:08 PM[22m [36m[1m[vite][22m[39m [90m[2m(client)[22m[39m [32mhmr update [39m[2m/src/App.jsx, /src/index.css[22m
[2m6:49:08 PM[22m [36m[1m[vite][22m[39m [90m[2m(client)[22m[39m [32mhmr update [39m[2m/src/App.jsx, /src/index.css[22m
[2m6:50:58 PM[22m [36m[1m[vite][22m[39m [90m[2m(client)[22m[39m [32mhmr update [39m[2m/src/components/Dashboard/Dashboard.jsx, /src/index.css[22m
[2m6:50:59 PM[22m [36m[1m[vite][22m[39m [90m[2m(client)[22m[39m [32mhmr update [39m[2m/src/components/Dashboard/Dashboard.jsx, /src/index.css[22m
[2m6:53:46 PM[22m [36m[1m[vite][22m[39m [90m[2m(client)[22m[39m [32mhmr update [39m[2m/src/components/AllComplaints/AllComplaints.jsx, /src/index.css[22m
[2m6:56:09 PM[22m [36m[1m[vite][22m[39m [90m[2m(client)[22m[39m [32mhmr update [39m[2m/@fs/C:\Users\User\Documents\RUB-13\Complaint Project\src\components\Sidebar\Sidebar.jsx, /src/index.css[22m
[2m6:56:16 PM[22m [36m[1m[vite][22m[39m [90m[2m(client)[22m[39m [32mhmr update [39m[2m/src/components/Login/Login.jsx, /src/index.css[22m
[2m7:13:26 PM[22m [36m[1m[vite][22m[39m [90m[2m(client)[22m[39m [32mhmr update [39m[2m/src/components/Settings/Settings.jsx, /src/index.css[22m
[2m7:13:26 PM[22m [36m[1m[vite][22m[39m [90m[2m(client)[22m[39m [32mhmr update [39m[2m/src/components/Settings/Settings.jsx, /src/index.css[22m
[2m7:13:36 PM[22m [36m[1m[vite][22m[39m [90m[2m(client)[22m[39m [32mhmr update [39m[2m/src/components/Layout/Layout.jsx, /src/index.css[22m
[2m7:13:50 PM[22m [36m[1m[vite][22m[39m [90m[2m(client)[22m[39m [32mpage reload [39m[2msupabase/schema.sql[22m
[2m7:15:55 PM[22m [36m[1m[vite][22m[39m [90m[2m(client)[22m[39m [32mhmr update [39m[2m/@fs/C:\Users\User\Documents\RUB-13\Complaint Project\src\components\Sidebar\Sidebar.jsx, /src/index.css[22m
[2m7:24:15 PM[22m [36m[1m[vite][22m[39m [90m[2m(client)[22m[39m [32mhmr update [39m[2m/src/components/AllComplaints/AllComplaints.jsx, /src/index.css[22m
[2m7:24:15 PM[22m [36m[1m[vite][22m[39m [90m[2m(client)[22m[39m [32mhmr update [39m[2m/src/components/AllComplaints/AllComplaints.jsx, /src/index.css[22m
[2m7:24:23 PM[22m [36m[1m[vite][22m[39m [90m[2m(client)[22m[39m [32mhmr update [39m[2m/src/components/ComplaintDetail/ComplaintDetail.jsx, /src/index.css[22m
[2m7:24:33 PM[22m [36m[1m[vite][22m[39m [90m[2m(client)[22m[39m [32mhmr update [39m[2m/src/components/ComplaintDetail/ComplaintDetail.jsx, /src/index.css[22m
[2m7:59:16 PM[22m [36m[1m[vite][22m[39m [90m[2m(client)[22m[39m [32mhmr update [39m[2m/@fs/C:\Users\User\Documents\RUB-13\Complaint Project\src\components\Sidebar\Sidebar.jsx, /src/index.css[22m
[2m7:59:31 PM[22m [36m[1m[vite][22m[39m [90m[2m(client)[22m[39m [32mhmr update [39m[2m/src/components/Login/Login.jsx, /src/index.css[22m
